G:\ngseed\ManagementService\ManagementService.Web\Ui\dist\out-tsc\src\app\SharedServices\InitJquery.js
G:\ngseed\ManagementService\ManagementService.Web\Ui\dist\out-tsc\src\app\SharedServices\InitJquery.js.map
G:\ngseed\ManagementService\ManagementService.Web\Ui\dist\out-tsc\src\app\Models\MenuRoutes.js
G:\ngseed\ManagementService\ManagementService.Web\Ui\dist\out-tsc\src\app\Models\MenuRoutes.js.map
G:\ngseed\ManagementService\ManagementService.Web\Ui\dist\out-tsc\src\app\core\models\auth-user.js
G:\ngseed\ManagementService\ManagementService.Web\Ui\dist\out-tsc\src\app\core\models\auth-user.js.map
G:\ngseed\ManagementService\ManagementService.Web\Ui\dist\out-tsc\src\app\core\models\credentials.js
G:\ngseed\ManagementService\ManagementService.Web\Ui\dist\out-tsc\src\app\core\models\credentials.js.map
G:\ngseed\ManagementService\ManagementService.Web\Ui\dist\out-tsc\src\app\core\Services\app.config.js
G:\ngseed\ManagementService\ManagementService.Web\Ui\dist\out-tsc\src\app\core\Services\app.config.js.map
G:\ngseed\ManagementService\ManagementService.Web\Ui\dist\out-tsc\src\app\core\Services\tokenStoreService.js
G:\ngseed\ManagementService\ManagementService.Web\Ui\dist\out-tsc\src\app\core\Services\tokenStoreService.js.map
G:\ngseed\ManagementService\ManagementService.Web\Ui\dist\out-tsc\src\app\core\Services\api-config.service.js
G:\ngseed\ManagementService\ManagementService.Web\Ui\dist\out-tsc\src\app\core\Services\api-config.service.js.map
G:\ngseed\ManagementService\ManagementService.Web\Ui\dist\out-tsc\src\app\core\Services\auth.service.js
G:\ngseed\ManagementService\ManagementService.Web\Ui\dist\out-tsc\src\app\core\Services\auth.service.js.map
G:\ngseed\ManagementService\ManagementService.Web\Ui\dist\out-tsc\src\app\app.component.js
G:\ngseed\ManagementService\ManagementService.Web\Ui\dist\out-tsc\src\app\app.component.js.map
G:\ngseed\ManagementService\ManagementService.Web\Ui\dist\out-tsc\src\app\Models\Messages.js
G:\ngseed\ManagementService\ManagementService.Web\Ui\dist\out-tsc\src\app\Models\Messages.js.map
G:\ngseed\ManagementService\ManagementService.Web\Ui\dist\out-tsc\src\app\header\components\header\header.component.js
G:\ngseed\ManagementService\ManagementService.Web\Ui\dist\out-tsc\src\app\header\components\header\header.component.js.map
G:\ngseed\ManagementService\ManagementService.Web\Ui\dist\out-tsc\src\app\core\Models\BreadCrumbModel.js
G:\ngseed\ManagementService\ManagementService.Web\Ui\dist\out-tsc\src\app\core\Models\BreadCrumbModel.js.map
G:\ngseed\ManagementService\ManagementService.Web\Ui\dist\out-tsc\src\app\MainModule\main-layout\main-layout.component.js
G:\ngseed\ManagementService\ManagementService.Web\Ui\dist\out-tsc\src\app\MainModule\main-layout\main-layout.component.js.map
G:\ngseed\ManagementService\ManagementService.Web\Ui\dist\out-tsc\src\app\MainModule\home\home.component.js
G:\ngseed\ManagementService\ManagementService.Web\Ui\dist\out-tsc\src\app\MainModule\home\home.component.js.map
G:\ngseed\ManagementService\ManagementService.Web\Ui\dist\out-tsc\src\app\MainModule\not-found\not-found.component.js
G:\ngseed\ManagementService\ManagementService.Web\Ui\dist\out-tsc\src\app\MainModule\not-found\not-found.component.js.map
G:\ngseed\ManagementService\ManagementService.Web\Ui\dist\out-tsc\src\app\MainModule\empty-layout\empty-layout.component.js
G:\ngseed\ManagementService\ManagementService.Web\Ui\dist\out-tsc\src\app\MainModule\empty-layout\empty-layout.component.js.map
G:\ngseed\ManagementService\ManagementService.Web\Ui\dist\out-tsc\src\app\MainModule\Auth\login\login.component.js
G:\ngseed\ManagementService\ManagementService.Web\Ui\dist\out-tsc\src\app\MainModule\Auth\login\login.component.js.map
G:\ngseed\ManagementService\ManagementService.Web\Ui\dist\out-tsc\src\app\core\Services\auth-guard.js
G:\ngseed\ManagementService\ManagementService.Web\Ui\dist\out-tsc\src\app\core\Services\auth-guard.js.map
G:\ngseed\ManagementService\ManagementService.Web\Ui\dist\out-tsc\src\app\core\components\ErrorPage\errorpage\errorpage.component.js
G:\ngseed\ManagementService\ManagementService.Web\Ui\dist\out-tsc\src\app\core\components\ErrorPage\errorpage\errorpage.component.js.map
G:\ngseed\ManagementService\ManagementService.Web\Ui\dist\out-tsc\src\app\core\components\AccessDenied\accessdenied\accessdenied.component.js
G:\ngseed\ManagementService\ManagementService.Web\Ui\dist\out-tsc\src\app\core\components\AccessDenied\accessdenied\accessdenied.component.js.map
G:\ngseed\ManagementService\ManagementService.Web\Ui\dist\out-tsc\src\app\core\components\profile\profile.component.js
G:\ngseed\ManagementService\ManagementService.Web\Ui\dist\out-tsc\src\app\core\components\profile\profile.component.js.map
G:\ngseed\ManagementService\ManagementService.Web\Ui\dist\out-tsc\src\app\core\Models\http-result.js
G:\ngseed\ManagementService\ManagementService.Web\Ui\dist\out-tsc\src\app\core\Models\http-result.js.map
G:\ngseed\ManagementService\ManagementService.Web\Ui\dist\out-tsc\src\app\core\Services\user\editprofile.service.js
G:\ngseed\ManagementService\ManagementService.Web\Ui\dist\out-tsc\src\app\core\Services\user\editprofile.service.js.map
G:\ngseed\ManagementService\ManagementService.Web\Ui\dist\out-tsc\src\app\core\components\profile\editprofile\editprofile.component.js
G:\ngseed\ManagementService\ManagementService.Web\Ui\dist\out-tsc\src\app\core\components\profile\editprofile\editprofile.component.js.map
G:\ngseed\ManagementService\ManagementService.Web\Ui\dist\out-tsc\src\app\router-module\router-module.module.js
G:\ngseed\ManagementService\ManagementService.Web\Ui\dist\out-tsc\src\app\router-module\router-module.module.js.map
G:\ngseed\ManagementService\ManagementService.Web\Ui\dist\out-tsc\src\app\header\header.module.js
G:\ngseed\ManagementService\ManagementService.Web\Ui\dist\out-tsc\src\app\header\header.module.js.map
G:\ngseed\ManagementService\ManagementService.Web\Ui\dist\out-tsc\src\app\Models\Role.js
G:\ngseed\ManagementService\ManagementService.Web\Ui\dist\out-tsc\src\app\Models\Role.js.map
G:\ngseed\ManagementService\ManagementService.Web\Ui\dist\out-tsc\src\app\Models\User.js
G:\ngseed\ManagementService\ManagementService.Web\Ui\dist\out-tsc\src\app\Models\User.js.map
G:\ngseed\ManagementService\ManagementService.Web\Ui\dist\out-tsc\src\app\Models\InitDataModel.js
G:\ngseed\ManagementService\ManagementService.Web\Ui\dist\out-tsc\src\app\Models\InitDataModel.js.map
G:\ngseed\ManagementService\ManagementService.Web\Ui\dist\out-tsc\src\app\core\components\sidebar\sidebar.component.js
G:\ngseed\ManagementService\ManagementService.Web\Ui\dist\out-tsc\src\app\core\components\sidebar\sidebar.component.js.map
G:\ngseed\ManagementService\ManagementService.Web\Ui\dist\out-tsc\src\app\core\Services\xsrf.interceptor.js
G:\ngseed\ManagementService\ManagementService.Web\Ui\dist\out-tsc\src\app\core\Services\xsrf.interceptor.js.map
G:\ngseed\ManagementService\ManagementService.Web\Ui\dist\out-tsc\src\app\core\Services\JwtInterceptor.js
G:\ngseed\ManagementService\ManagementService.Web\Ui\dist\out-tsc\src\app\core\Services\JwtInterceptor.js.map
G:\ngseed\ManagementService\ManagementService.Web\Ui\dist\out-tsc\src\app\SharedServices\InitMenu.js
G:\ngseed\ManagementService\ManagementService.Web\Ui\dist\out-tsc\src\app\SharedServices\InitMenu.js.map
G:\ngseed\ManagementService\ManagementService.Web\Ui\dist\out-tsc\src\app\core\components\menu-item\menu-item.component.js
G:\ngseed\ManagementService\ManagementService.Web\Ui\dist\out-tsc\src\app\core\components\menu-item\menu-item.component.js.map
G:\ngseed\ManagementService\ManagementService.Web\Ui\dist\out-tsc\src\app\shared\shared.module.js
G:\ngseed\ManagementService\ManagementService.Web\Ui\dist\out-tsc\src\app\shared\shared.module.js.map
G:\ngseed\ManagementService\ManagementService.Web\Ui\dist\out-tsc\src\app\core\core.module.js
G:\ngseed\ManagementService\ManagementService.Web\Ui\dist\out-tsc\src\app\core\core.module.js.map
G:\ngseed\ManagementService\ManagementService.Web\Ui\dist\out-tsc\src\app\app.module.js
G:\ngseed\ManagementService\ManagementService.Web\Ui\dist\out-tsc\src\app\app.module.js.map
G:\ngseed\ManagementService\ManagementService.Web\Ui\dist\out-tsc\src\environments\environment.js
G:\ngseed\ManagementService\ManagementService.Web\Ui\dist\out-tsc\src\environments\environment.js.map
G:\ngseed\ManagementService\ManagementService.Web\Ui\dist\out-tsc\src\main.js
G:\ngseed\ManagementService\ManagementService.Web\Ui\dist\out-tsc\src\main.js.map
G:\ngseed\ManagementService\ManagementService.Web\Ui\dist\out-tsc\src\polyfills.js
G:\ngseed\ManagementService\ManagementService.Web\Ui\dist\out-tsc\src\polyfills.js.map
G:\ngseed\ManagementService\ManagementService.Web\Ui\dist\out-tsc\src\test.js
G:\ngseed\ManagementService\ManagementService.Web\Ui\dist\out-tsc\src\test.js.map
G:\ngseed\ManagementService\ManagementService.Web\Ui\dist\out-tsc\e2e\src\app.po.js
G:\ngseed\ManagementService\ManagementService.Web\Ui\dist\out-tsc\e2e\src\app.po.js.map
G:\ngseed\ManagementService\ManagementService.Web\Ui\dist\out-tsc\e2e\src\app.e2e-spec.js
G:\ngseed\ManagementService\ManagementService.Web\Ui\dist\out-tsc\e2e\src\app.e2e-spec.js.map
G:\ngseed\ManagementService\ManagementService.Web\Ui\dist\out-tsc\src\app\app.component.spec.js
G:\ngseed\ManagementService\ManagementService.Web\Ui\dist\out-tsc\src\app\app.component.spec.js.map
G:\ngseed\ManagementService\ManagementService.Web\Ui\dist\out-tsc\src\app\DefaultSelectizeConfig.js
G:\ngseed\ManagementService\ManagementService.Web\Ui\dist\out-tsc\src\app\DefaultSelectizeConfig.js.map
G:\ngseed\ManagementService\ManagementService.Web\Ui\dist\out-tsc\src\environments\environment.prod.js
G:\ngseed\ManagementService\ManagementService.Web\Ui\dist\out-tsc\src\environments\environment.prod.js.map
G:\ngseed\ManagementService\ManagementService.Web\Ui\dist\out-tsc\src\app\core\core.module.spec.js
G:\ngseed\ManagementService\ManagementService.Web\Ui\dist\out-tsc\src\app\core\core.module.spec.js.map
G:\ngseed\ManagementService\ManagementService.Web\Ui\dist\out-tsc\src\app\header\header.module.spec.js
G:\ngseed\ManagementService\ManagementService.Web\Ui\dist\out-tsc\src\app\header\header.module.spec.js.map
G:\ngseed\ManagementService\ManagementService.Web\Ui\dist\out-tsc\src\app\router-module\router-module.module.spec.js
G:\ngseed\ManagementService\ManagementService.Web\Ui\dist\out-tsc\src\app\router-module\router-module.module.spec.js.map
G:\ngseed\ManagementService\ManagementService.Web\Ui\dist\out-tsc\src\app\shared\shared.module.spec.js
G:\ngseed\ManagementService\ManagementService.Web\Ui\dist\out-tsc\src\app\shared\shared.module.spec.js.map
G:\ngseed\ManagementService\ManagementService.Web\Ui\dist\out-tsc\src\app\SharedServices\OAuthServices\ClientSetting.js
G:\ngseed\ManagementService\ManagementService.Web\Ui\dist\out-tsc\src\app\SharedServices\OAuthServices\ClientSetting.js.map
G:\ngseed\ManagementService\ManagementService.Web\Ui\dist\out-tsc\src\app\SharedServices\OAuthServices\AuthService.js
G:\ngseed\ManagementService\ManagementService.Web\Ui\dist\out-tsc\src\app\SharedServices\OAuthServices\AuthService.js.map
G:\ngseed\ManagementService\ManagementService.Web\Ui\dist\out-tsc\src\app\SharedServices\init.service.js
G:\ngseed\ManagementService\ManagementService.Web\Ui\dist\out-tsc\src\app\SharedServices\init.service.js.map
G:\ngseed\ManagementService\ManagementService.Web\Ui\dist\out-tsc\src\app\SharedServices\init.service.spec.js
G:\ngseed\ManagementService\ManagementService.Web\Ui\dist\out-tsc\src\app\SharedServices\init.service.spec.js.map
G:\ngseed\ManagementService\ManagementService.Web\Ui\dist\out-tsc\src\app\SharedServices\InitServiceProvider.js
G:\ngseed\ManagementService\ManagementService.Web\Ui\dist\out-tsc\src\app\SharedServices\InitServiceProvider.js.map
G:\ngseed\ManagementService\ManagementService.Web\Ui\dist\out-tsc\src\app\SharedServices\test-http-service.service.js
G:\ngseed\ManagementService\ManagementService.Web\Ui\dist\out-tsc\src\app\SharedServices\test-http-service.service.js.map
G:\ngseed\ManagementService\ManagementService.Web\Ui\dist\out-tsc\src\app\SharedServices\test-http-service.service.spec.js
G:\ngseed\ManagementService\ManagementService.Web\Ui\dist\out-tsc\src\app\SharedServices\test-http-service.service.spec.js.map
G:\ngseed\ManagementService\ManagementService.Web\Ui\dist\out-tsc\src\app\core\Models\auth-token-type.js
G:\ngseed\ManagementService\ManagementService.Web\Ui\dist\out-tsc\src\app\core\Models\auth-token-type.js.map
G:\ngseed\ManagementService\ManagementService.Web\Ui\dist\out-tsc\src\app\core\Services\bread-crumb.service.js
G:\ngseed\ManagementService\ManagementService.Web\Ui\dist\out-tsc\src\app\core\Services\bread-crumb.service.js.map
G:\ngseed\ManagementService\ManagementService.Web\Ui\dist\out-tsc\src\app\core\Services\browser-storage.service.js
G:\ngseed\ManagementService\ManagementService.Web\Ui\dist\out-tsc\src\app\core\Services\browser-storage.service.js.map
G:\ngseed\ManagementService\ManagementService.Web\Ui\dist\out-tsc\src\app\core\Services\utils.service.js
G:\ngseed\ManagementService\ManagementService.Web\Ui\dist\out-tsc\src\app\core\Services\utils.service.js.map
G:\ngseed\ManagementService\ManagementService.Web\Ui\dist\out-tsc\src\app\core\Services\token-store.service.js
G:\ngseed\ManagementService\ManagementService.Web\Ui\dist\out-tsc\src\app\core\Services\token-store.service.js.map
G:\ngseed\ManagementService\ManagementService.Web\Ui\dist\out-tsc\src\app\core\Services\refresh-token.service.js
G:\ngseed\ManagementService\ManagementService.Web\Ui\dist\out-tsc\src\app\core\Services\refresh-token.service.js.map
G:\ngseed\ManagementService\ManagementService.Web\Ui\dist\out-tsc\src\app\MainModule\authcallback\authcallback.component.js
G:\ngseed\ManagementService\ManagementService.Web\Ui\dist\out-tsc\src\app\MainModule\authcallback\authcallback.component.js.map
G:\ngseed\ManagementService\ManagementService.Web\Ui\dist\out-tsc\src\app\MainModule\authcallback\authcallback.component.spec.js
G:\ngseed\ManagementService\ManagementService.Web\Ui\dist\out-tsc\src\app\MainModule\authcallback\authcallback.component.spec.js.map
G:\ngseed\ManagementService\ManagementService.Web\Ui\dist\out-tsc\src\app\MainModule\empty-layout\empty-layout.component.spec.js
G:\ngseed\ManagementService\ManagementService.Web\Ui\dist\out-tsc\src\app\MainModule\empty-layout\empty-layout.component.spec.js.map
G:\ngseed\ManagementService\ManagementService.Web\Ui\dist\out-tsc\src\app\MainModule\home\home.component.spec.js
G:\ngseed\ManagementService\ManagementService.Web\Ui\dist\out-tsc\src\app\MainModule\home\home.component.spec.js.map
G:\ngseed\ManagementService\ManagementService.Web\Ui\dist\out-tsc\src\app\MainModule\main-layout\main-layout.component.spec.js
G:\ngseed\ManagementService\ManagementService.Web\Ui\dist\out-tsc\src\app\MainModule\main-layout\main-layout.component.spec.js.map
G:\ngseed\ManagementService\ManagementService.Web\Ui\dist\out-tsc\src\app\MainModule\not-found\not-found.component.spec.js
G:\ngseed\ManagementService\ManagementService.Web\Ui\dist\out-tsc\src\app\MainModule\not-found\not-found.component.spec.js.map
G:\ngseed\ManagementService\ManagementService.Web\Ui\dist\out-tsc\src\app\Modules\role\Models\RoleViewModel.js
G:\ngseed\ManagementService\ManagementService.Web\Ui\dist\out-tsc\src\app\Modules\role\Models\RoleViewModel.js.map
G:\ngseed\ManagementService\ManagementService.Web\Ui\dist\out-tsc\src\app\Modules\role\create-role\create-role.component.js
G:\ngseed\ManagementService\ManagementService.Web\Ui\dist\out-tsc\src\app\Modules\role\create-role\create-role.component.js.map
G:\ngseed\ManagementService\ManagementService.Web\Ui\dist\out-tsc\src\app\Modules\role\Services\RoleService.js
G:\ngseed\ManagementService\ManagementService.Web\Ui\dist\out-tsc\src\app\Modules\role\Services\RoleService.js.map
G:\ngseed\ManagementService\ManagementService.Web\Ui\dist\out-tsc\src\app\Modules\role\create-role\addoredit\addoredit.component.js
G:\ngseed\ManagementService\ManagementService.Web\Ui\dist\out-tsc\src\app\Modules\role\create-role\addoredit\addoredit.component.js.map
G:\ngseed\ManagementService\ManagementService.Web\Ui\dist\out-tsc\src\app\Modules\role\Routing\RoleRouting.js
G:\ngseed\ManagementService\ManagementService.Web\Ui\dist\out-tsc\src\app\Modules\role\Routing\RoleRouting.js.map
G:\ngseed\ManagementService\ManagementService.Web\Ui\dist\out-tsc\src\app\Modules\role\role.module.js
G:\ngseed\ManagementService\ManagementService.Web\Ui\dist\out-tsc\src\app\Modules\role\role.module.js.map
G:\ngseed\ManagementService\ManagementService.Web\Ui\dist\out-tsc\src\app\Modules\user\Models\NewUserModel.js
G:\ngseed\ManagementService\ManagementService.Web\Ui\dist\out-tsc\src\app\Modules\user\Models\NewUserModel.js.map
G:\ngseed\ManagementService\ManagementService.Web\Ui\dist\out-tsc\src\app\Modules\user\Services\user-service.service.js
G:\ngseed\ManagementService\ManagementService.Web\Ui\dist\out-tsc\src\app\Modules\user\Services\user-service.service.js.map
G:\ngseed\ManagementService\ManagementService.Web\Ui\dist\out-tsc\src\app\Modules\user\userlist\userlist.component.js
G:\ngseed\ManagementService\ManagementService.Web\Ui\dist\out-tsc\src\app\Modules\user\userlist\userlist.component.js.map
G:\ngseed\ManagementService\ManagementService.Web\Ui\dist\out-tsc\src\app\Modules\user\Models\OrgModel.js
G:\ngseed\ManagementService\ManagementService.Web\Ui\dist\out-tsc\src\app\Modules\user\Models\OrgModel.js.map
G:\ngseed\ManagementService\ManagementService.Web\Ui\dist\out-tsc\src\app\Modules\user\Services\org.service.js
G:\ngseed\ManagementService\ManagementService.Web\Ui\dist\out-tsc\src\app\Modules\user\Services\org.service.js.map
G:\ngseed\ManagementService\ManagementService.Web\Ui\dist\out-tsc\src\app\Modules\user\newuser\NewUser.component.js
G:\ngseed\ManagementService\ManagementService.Web\Ui\dist\out-tsc\src\app\Modules\user\newuser\NewUser.component.js.map
G:\ngseed\ManagementService\ManagementService.Web\Ui\dist\out-tsc\src\app\Modules\user\Routing\UserRouting.js
G:\ngseed\ManagementService\ManagementService.Web\Ui\dist\out-tsc\src\app\Modules\user\Routing\UserRouting.js.map
G:\ngseed\ManagementService\ManagementService.Web\Ui\dist\out-tsc\src\app\Modules\user\SubModules\users-in-roles\Models\UsersInRoleModel.js
G:\ngseed\ManagementService\ManagementService.Web\Ui\dist\out-tsc\src\app\Modules\user\SubModules\users-in-roles\Models\UsersInRoleModel.js.map
G:\ngseed\ManagementService\ManagementService.Web\Ui\dist\out-tsc\src\app\Modules\user\SubModules\users-in-roles\Components\list\list.component.js
G:\ngseed\ManagementService\ManagementService.Web\Ui\dist\out-tsc\src\app\Modules\user\SubModules\users-in-roles\Components\list\list.component.js.map
G:\ngseed\ManagementService\ManagementService.Web\Ui\dist\out-tsc\src\app\Modules\user\user.module.js
G:\ngseed\ManagementService\ManagementService.Web\Ui\dist\out-tsc\src\app\Modules\user\user.module.js.map
G:\ngseed\ManagementService\ManagementService.Web\Ui\dist\out-tsc\src\app\SharedServices\OAuthServices\AuthGuardService.js
G:\ngseed\ManagementService\ManagementService.Web\Ui\dist\out-tsc\src\app\SharedServices\OAuthServices\AuthGuardService.js.map
G:\ngseed\ManagementService\ManagementService.Web\Ui\dist\out-tsc\src\app\core\components\menu-item\menu-item.component.spec.js
G:\ngseed\ManagementService\ManagementService.Web\Ui\dist\out-tsc\src\app\core\components\menu-item\menu-item.component.spec.js.map
G:\ngseed\ManagementService\ManagementService.Web\Ui\dist\out-tsc\src\app\core\components\sidebar\sidebar.component.spec.js
G:\ngseed\ManagementService\ManagementService.Web\Ui\dist\out-tsc\src\app\core\components\sidebar\sidebar.component.spec.js.map
G:\ngseed\ManagementService\ManagementService.Web\Ui\dist\out-tsc\src\app\core\Services\user\editprofile.service.spec.js
G:\ngseed\ManagementService\ManagementService.Web\Ui\dist\out-tsc\src\app\core\Services\user\editprofile.service.spec.js.map
G:\ngseed\ManagementService\ManagementService.Web\Ui\dist\out-tsc\src\app\header\components\header\header.component.spec.js
G:\ngseed\ManagementService\ManagementService.Web\Ui\dist\out-tsc\src\app\header\components\header\header.component.spec.js.map
G:\ngseed\ManagementService\ManagementService.Web\Ui\dist\out-tsc\src\app\MainModule\Auth\login\login.component.spec.js
G:\ngseed\ManagementService\ManagementService.Web\Ui\dist\out-tsc\src\app\MainModule\Auth\login\login.component.spec.js.map
G:\ngseed\ManagementService\ManagementService.Web\Ui\dist\out-tsc\src\app\Modules\user\newuser\newuser.component.spec.js
G:\ngseed\ManagementService\ManagementService.Web\Ui\dist\out-tsc\src\app\Modules\user\newuser\newuser.component.spec.js.map
G:\ngseed\ManagementService\ManagementService.Web\Ui\dist\out-tsc\src\app\core\components\AccessDenied\accessdenied\accessdenied.component.spec.js
G:\ngseed\ManagementService\ManagementService.Web\Ui\dist\out-tsc\src\app\core\components\AccessDenied\accessdenied\accessdenied.component.spec.js.map
G:\ngseed\ManagementService\ManagementService.Web\Ui\dist\out-tsc\src\app\core\components\ErrorPage\errorpage\errorpage.component.spec.js
G:\ngseed\ManagementService\ManagementService.Web\Ui\dist\out-tsc\src\app\core\components\ErrorPage\errorpage\errorpage.component.spec.js.map
G:\ngseed\ManagementService\ManagementService.Web\Ui\dist\out-tsc\src\app\Modules\user\SubModules\users-in-roles\Models\RoleModel.js
G:\ngseed\ManagementService\ManagementService.Web\Ui\dist\out-tsc\src\app\Modules\user\SubModules\users-in-roles\Models\RoleModel.js.map
G:\ngseed\ManagementService\ManagementService.Web\Ui\dist\out-tsc\src\app\Modules\user\SubModules\users-in-roles\Services\users-in-role.service.js
G:\ngseed\ManagementService\ManagementService.Web\Ui\dist\out-tsc\src\app\Modules\user\SubModules\users-in-roles\Services\users-in-role.service.js.map
G:\ngseed\ManagementService\ManagementService.Web\Ui\dist\out-tsc\src\app\Modules\user\SubModules\users-in-roles\Components\users-in-role-list\users-in-role-list.component.js
G:\ngseed\ManagementService\ManagementService.Web\Ui\dist\out-tsc\src\app\Modules\user\SubModules\users-in-roles\Components\users-in-role-list\users-in-role-list.component.js.map
G:\ngseed\ManagementService\ManagementService.Web\Ui\dist\out-tsc\src\app\Modules\user\SubModules\users-in-roles\Components\add-user-to-role\add-user-to-role.component.js
G:\ngseed\ManagementService\ManagementService.Web\Ui\dist\out-tsc\src\app\Modules\user\SubModules\users-in-roles\Components\add-user-to-role\add-user-to-role.component.js.map
G:\ngseed\ManagementService\ManagementService.Web\Ui\dist\out-tsc\src\app\Modules\user\SubModules\users-in-roles\Routing\RoutingModule.js
G:\ngseed\ManagementService\ManagementService.Web\Ui\dist\out-tsc\src\app\Modules\user\SubModules\users-in-roles\Routing\RoutingModule.js.map
G:\ngseed\ManagementService\ManagementService.Web\Ui\dist\out-tsc\src\app\Modules\user\SubModules\users-in-roles\users-in-roles.module.js
G:\ngseed\ManagementService\ManagementService.Web\Ui\dist\out-tsc\src\app\Modules\user\SubModules\users-in-roles\users-in-roles.module.js.map
G:\ngseed\ManagementService\ManagementService.Web\Ui\dist\out-tsc\src\app\Modules\user\SubModules\users-in-roles\Components\list\list.component.spec.js
G:\ngseed\ManagementService\ManagementService.Web\Ui\dist\out-tsc\src\app\Modules\user\SubModules\users-in-roles\Components\list\list.component.spec.js.map
